<?xml version="1.0" encoding="UTF-8"?>
<!-- Generated by org.testng.reporters.JUnitXMLReporter -->
<testsuite ignored="0" hostname="ON34C03276851" failures="0" tests="5" name="Surefire test" time="58.133" errors="0" timestamp="2024-05-07T10:54:12 EDT">
  <testcase classname="seleniumCompany.tests.AppTest" name="shouldAnswerWithTrue" time="0.005"/>
  <testcase classname="seleniumCompany.tests.standAloneTest" name="submitOrder" time="17.653"/>
  <testcase classname="seleniumCompany.tests.standAloneTest" name="submitOrder" time="5.59"/>
  <testcase classname="seleniumCompany.tests.standAloneTest" name="orderHistoryTest" time="0.907"/>
  <testcase classname="seleniumCompany.tests.standAloneTest" name="orderHistoryTest" time="0.868"/>
</testsuite> <!-- Surefire test -->
